<?xml version="1.0" encoding="UTF-8"?>
<!-- Generated by org.testng.reporters.JUnitReportReporter -->
<testsuite hostname="QiuyedeMacBook-Air.local" name="com.lemon.api_auto.RegisterCase2_v3" tests="6" failures="0" timestamp="8 Jan 2021 07:52:16 GMT" time="2.049" errors="0">
  <testcase name="test1" time="0.367" classname="com.lemon.api_auto.RegisterCase2_v3"/>
  <testcase name="test1" time="0.363" classname="com.lemon.api_auto.RegisterCase2_v3"/>
  <testcase name="test1" time="0.198" classname="com.lemon.api_auto.RegisterCase2_v3"/>
  <testcase name="test1" time="0.299" classname="com.lemon.api_auto.RegisterCase2_v3"/>
  <testcase name="test1" time="0.210" classname="com.lemon.api_auto.RegisterCase2_v3"/>
  <testcase name="test1" time="0.612" classname="com.lemon.api_auto.RegisterCase2_v3"/>
</testsuite> <!-- com.lemon.api_auto.RegisterCase2_v3 -->
