<?xml version="1.0" encoding="UTF-8"?>
<!-- Generated by org.testng.reporters.JUnitReportReporter -->
<testsuite hostname="QiuyedeMacBook-Air.local" name="com.lemon.api_auto.RegisterCase2_v4" tests="6" failures="0" timestamp="8 Jan 2021 08:32:17 GMT" time="5.665" errors="0">
  <testcase name="test1" time="1.162" classname="com.lemon.api_auto.RegisterCase2_v4"/>
  <testcase name="test1" time="0.364" classname="com.lemon.api_auto.RegisterCase2_v4"/>
  <testcase name="test1" time="1.198" classname="com.lemon.api_auto.RegisterCase2_v4"/>
  <testcase name="test1" time="1.996" classname="com.lemon.api_auto.RegisterCase2_v4"/>
  <testcase name="test1" time="0.325" classname="com.lemon.api_auto.RegisterCase2_v4"/>
  <testcase name="test1" time="0.620" classname="com.lemon.api_auto.RegisterCase2_v4"/>
</testsuite> <!-- com.lemon.api_auto.RegisterCase2_v4 -->
